# JRE version: OpenJDK Runtime Environment (21.0.6) (build 21.0.6+-13368085-b895.109)
# Java VM: OpenJDK 64-Bit Server VM (21.0.6+-13368085-b895.109, mixed mode, tiered, compressed oops, compressed class ptrs, g1 gc, windows-amd64)
GC Precious Log:
 CardTable entry size: 512
 Card Set container configuration: InlinePtr #cards 4 size 8 Array Of Cards #cards 32 size 80 Howl #buckets 8 coarsen threshold 7372 Howl Bitmap #cards 1024 size 144 coarsen threshold 921 Card regions per heap region 1 cards per card region 8192
 CPUs: 4 total, 4 available
 Memory: 8047M
 Large Page Support: Disabled
 NUMA Support: Disabled
 Compressed Oops: Enabled (Zero based)
 Heap Region Size: 4M
 Heap Min Capacity: 8M
 Heap Initial Capacity: 128M
 Heap Max Capacity: 8G
 Pre-touch: Disabled
 Parallel Workers: 4
 Concurrent Workers: 1
 Concurrent Refinement Workers: 4
 Periodic GC: Disabled
Heap:
 garbage-first heap   total 118784K, used 59824K [0x0000000600000000, 0x0000000800000000)
  region size 4096K, 9 young (36864K), 1 survivors (4096K)
 Metaspace       used 45446K, committed 46464K, reserved 1114112K
  class space    used 5761K, committed 6272K, reserved 1048576K
GC Heap History (20 events):
Event: 0.357 GC heap before
{Heap before GC invocations=0 (full 0):
 garbage-first heap   total 131072K, used 8192K [0x0000000600000000, 0x0000000800000000)
  region size 4096K, 2 young (8192K), 0 survivors (0K)
 Metaspace       used 7335K, committed 7424K, reserved 1114112K
  class space    used 665K, committed 704K, reserved 1048576K
}
Event: 0.359 GC heap after
{Heap after GC invocations=1 (full 0):
 garbage-first heap   total 131072K, used 1207K [0x0000000600000000, 0x0000000800000000)
  region size 4096K, 1 young (4096K), 1 survivors (4096K)
 Metaspace       used 7335K, committed 7424K, reserved 1114112K
  class space    used 665K, committed 704K, reserved 1048576K
}
Event: 0.632 GC heap before
{Heap before GC invocations=1 (full 0):
 garbage-first heap   total 131072K, used 13495K [0x0000000600000000, 0x0000000800000000)
  region size 4096K, 5 young (20480K), 1 survivors (4096K)
 Metaspace       used 8013K, committed 8192K, reserved 1114112K
  class space    used 709K, committed 768K, reserved 1048576K
}
Event: 0.636 GC heap after
{Heap after GC invocations=2 (full 0):
 garbage-first heap   total 131072K, used 4701K [0x0000000600000000, 0x0000000800000000)
  region size 4096K, 1 young (4096K), 1 survivors (4096K)
 Metaspace       used 8013K, committed 8192K, reserved 1114112K
  class space    used 709K, committed 768K, reserved 1048576K
}
Event: 2.076 GC heap before
{Heap before GC invocations=2 (full 0):
 garbage-first heap   total 131072K, used 78429K [0x0000000600000000, 0x0000000800000000)
  region size 4096K, 19 young (77824K), 1 survivors (4096K)
 Metaspace       used 12473K, committed 12736K, reserved 1114112K
  class space    used 1328K, committed 1472K, reserved 1048576K
}
Event: 2.089 GC heap after
{Heap after GC invocations=3 (full 0):
 garbage-first heap   total 131072K, used 17011K [0x0000000600000000, 0x0000000800000000)
  region size 4096K, 3 young (12288K), 3 survivors (12288K)
 Metaspace       used 12473K, committed 12736K, reserved 1114112K
  class space    used 1328K, committed 1472K, reserved 1048576K
}
Event: 3.044 GC heap before
{Heap before GC invocations=3 (full 0):
 garbage-first heap   total 131072K, used 45683K [0x0000000600000000, 0x0000000800000000)
  region size 4096K, 11 young (45056K), 3 survivors (12288K)
 Metaspace       used 21167K, committed 21504K, reserved 1114112K
  class space    used 2438K, committed 2624K, reserved 1048576K
}
Event: 3.056 GC heap after
{Heap after GC invocations=4 (full 0):
 garbage-first heap   total 131072K, used 21031K [0x0000000600000000, 0x0000000800000000)
  region size 4096K, 2 young (8192K), 2 survivors (8192K)
 Metaspace       used 21167K, committed 21504K, reserved 1114112K
  class space    used 2438K, committed 2624K, reserved 1048576K
}
Event: 4.988 GC heap before
{Heap before GC invocations=5 (full 0):
 garbage-first heap   total 98304K, used 90663K [0x0000000600000000, 0x0000000800000000)
  region size 4096K, 19 young (77824K), 2 survivors (8192K)
 Metaspace       used 31544K, committed 32256K, reserved 1114112K
  class space    used 4100K, committed 4480K, reserved 1048576K
}
Event: 5.003 GC heap after
{Heap after GC invocations=6 (full 0):
 garbage-first heap   total 106496K, used 24840K [0x0000000600000000, 0x0000000800000000)
  region size 4096K, 2 young (8192K), 2 survivors (8192K)
 Metaspace       used 31544K, committed 32256K, reserved 1114112K
  class space    used 4100K, committed 4480K, reserved 1048576K
}
Event: 5.495 GC heap before
{Heap before GC invocations=6 (full 0):
 garbage-first heap   total 106496K, used 49416K [0x0000000600000000, 0x0000000800000000)
  region size 4096K, 9 young (36864K), 2 survivors (8192K)
 Metaspace       used 35079K, committed 35968K, reserved 1114112K
  class space    used 4664K, committed 5120K, reserved 1048576K
}
Event: 5.506 GC heap after
{Heap after GC invocations=7 (full 0):
 garbage-first heap   total 106496K, used 26311K [0x0000000600000000, 0x0000000800000000)
  region size 4096K, 1 young (4096K), 1 survivors (4096K)
 Metaspace       used 35079K, committed 35968K, reserved 1114112K
  class space    used 4664K, committed 5120K, reserved 1048576K
}
Event: 5.553 GC heap before
{Heap before GC invocations=7 (full 0):
 garbage-first heap   total 106496K, used 26311K [0x0000000600000000, 0x0000000800000000)
  region size 4096K, 2 young (8192K), 1 survivors (4096K)
 Metaspace       used 35465K, committed 36288K, reserved 1114112K
  class space    used 4717K, committed 5120K, reserved 1048576K
}
Event: 5.556 GC heap after
{Heap after GC invocations=8 (full 0):
 garbage-first heap   total 106496K, used 25836K [0x0000000600000000, 0x0000000800000000)
  region size 4096K, 1 young (4096K), 1 survivors (4096K)
 Metaspace       used 35465K, committed 36288K, reserved 1114112K
  class space    used 4717K, committed 5120K, reserved 1048576K
}
Event: 6.667 GC heap before
{Heap before GC invocations=9 (full 0):
 garbage-first heap   total 98304K, used 74988K [0x0000000600000000, 0x0000000800000000)
  region size 4096K, 14 young (57344K), 1 survivors (4096K)
 Metaspace       used 42887K, committed 43840K, reserved 1114112K
  class space    used 5584K, committed 6080K, reserved 1048576K
}
Event: 6.678 GC heap after
{Heap after GC invocations=10 (full 0):
 garbage-first heap   total 98304K, used 30866K [0x0000000600000000, 0x0000000800000000)
  region size 4096K, 2 young (8192K), 2 survivors (8192K)
 Metaspace       used 42887K, committed 43840K, reserved 1114112K
  class space    used 5584K, committed 6080K, reserved 1048576K
}
Event: 7.543 GC heap before
{Heap before GC invocations=10 (full 0):
 garbage-first heap   total 98304K, used 75922K [0x0000000600000000, 0x0000000800000000)
  region size 4096K, 14 young (57344K), 2 survivors (8192K)
 Metaspace       used 45229K, committed 46208K, reserved 1114112K
  class space    used 5760K, committed 6272K, reserved 1048576K
}
Event: 7.554 GC heap after
{Heap after GC invocations=11 (full 0):
 garbage-first heap   total 98304K, used 31397K [0x0000000600000000, 0x0000000800000000)
  region size 4096K, 1 young (4096K), 1 survivors (4096K)
 Metaspace       used 45229K, committed 46208K, reserved 1114112K
  class space    used 5760K, committed 6272K, reserved 1048576K
}
Event: 8.482 GC heap before
{Heap before GC invocations=11 (full 0):
 garbage-first heap   total 98304K, used 80549K [0x0000000600000000, 0x0000000800000000)
  region size 4096K, 13 young (53248K), 1 survivors (4096K)
 Metaspace       used 45423K, committed 46400K, reserved 1114112K
  class space    used 5760K, committed 6272K, reserved 1048576K
}
Event: 8.484 GC heap after
{Heap after GC invocations=12 (full 0):
 garbage-first heap   total 118784K, used 31152K [0x0000000600000000, 0x0000000800000000)
  region size 4096K, 1 young (4096K), 1 survivors (4096K)
 Metaspace       used 45423K, committed 46400K, reserved 1114112K
  class space    used 5760K, committed 6272K, reserved 1048576K
}

