# JRE version: OpenJDK Runtime Environment (21.0.6) (build 21.0.6+-13368085-b895.109)
# Java VM: OpenJDK 64-Bit Server VM (21.0.6+-13368085-b895.109, mixed mode, tiered, compressed oops, compressed class ptrs, g1 gc, windows-amd64)
GC Precious Log:
 CardTable entry size: 512
 Card Set container configuration: InlinePtr #cards 5 size 8 Array Of Cards #cards 12 size 40 Howl #buckets 4 coarsen threshold 1843 Howl Bitmap #cards 512 size 80 coarsen threshold 460 Card regions per heap region 1 cards per card region 2048
 CPUs: 4 total, 4 available
 Memory: 8047M
 Large Page Support: Disabled
 NUMA Support: Disabled
 Compressed Oops: Enabled (32-bit)
 Heap Region Size: 1M
 Heap Min Capacity: 8M
 Heap Initial Capacity: 126M
 Heap Max Capacity: 1G
 Pre-touch: Disabled
 Parallel Workers: 4
 Concurrent Workers: 1
 Concurrent Refinement Workers: 4
 Periodic GC: Disabled
Heap:
 garbage-first heap   total 68608K, used 52696K [0x00000000c0000000, 0x0000000100000000)
  region size 1024K, 28 young (28672K), 5 survivors (5120K)
 Metaspace       used 43117K, committed 44096K, reserved 491520K
  class space    used 5598K, committed 6080K, reserved 425984K
GC Heap History (16 events):
Event: 0.438 GC heap before
{Heap before GC invocations=0 (full 0):
 garbage-first heap   total 129024K, used 13312K [0x00000000c0000000, 0x0000000100000000)
  region size 1024K, 13 young (13312K), 0 survivors (0K)
 Metaspace       used 7357K, committed 7424K, reserved 491520K
  class space    used 665K, committed 704K, reserved 425984K
}
Event: 0.441 GC heap after
{Heap after GC invocations=1 (full 0):
 garbage-first heap   total 129024K, used 1322K [0x00000000c0000000, 0x0000000100000000)
  region size 1024K, 2 young (2048K), 2 survivors (2048K)
 Metaspace       used 7357K, committed 7424K, reserved 491520K
  class space    used 665K, committed 704K, reserved 425984K
}
Event: 1.114 GC heap before
{Heap before GC invocations=1 (full 0):
 garbage-first heap   total 129024K, used 28970K [0x00000000c0000000, 0x0000000100000000)
  region size 1024K, 27 young (27648K), 2 survivors (2048K)
 Metaspace       used 11186K, committed 11328K, reserved 491520K
  class space    used 1171K, committed 1216K, reserved 425984K
}
Event: 1.121 GC heap after
{Heap after GC invocations=2 (full 0):
 garbage-first heap   total 129024K, used 10199K [0x00000000c0000000, 0x0000000100000000)
  region size 1024K, 4 young (4096K), 4 survivors (4096K)
 Metaspace       used 11186K, committed 11328K, reserved 491520K
  class space    used 1171K, committed 1216K, reserved 425984K
}
Event: 2.826 GC heap before
{Heap before GC invocations=2 (full 0):
 garbage-first heap   total 129024K, used 83927K [0x00000000c0000000, 0x0000000100000000)
  region size 1024K, 75 young (76800K), 4 survivors (4096K)
 Metaspace       used 17155K, committed 17408K, reserved 491520K
  class space    used 1949K, committed 2048K, reserved 425984K
}
Event: 2.838 GC heap after
{Heap after GC invocations=3 (full 0):
 garbage-first heap   total 129024K, used 17919K [0x00000000c0000000, 0x0000000100000000)
  region size 1024K, 10 young (10240K), 10 survivors (10240K)
 Metaspace       used 17155K, committed 17408K, reserved 491520K
  class space    used 1949K, committed 2048K, reserved 425984K
}
Event: 3.343 GC heap before
{Heap before GC invocations=3 (full 0):
 garbage-first heap   total 129024K, used 34303K [0x00000000c0000000, 0x0000000100000000)
  region size 1024K, 27 young (27648K), 10 survivors (10240K)
 Metaspace       used 21196K, committed 21504K, reserved 491520K
  class space    used 2439K, committed 2624K, reserved 425984K
}
Event: 3.355 GC heap after
{Heap after GC invocations=4 (full 0):
 garbage-first heap   total 129024K, used 20091K [0x00000000c0000000, 0x0000000100000000)
  region size 1024K, 2 young (2048K), 2 survivors (2048K)
 Metaspace       used 21196K, committed 21504K, reserved 491520K
  class space    used 2439K, committed 2624K, reserved 425984K
}
Event: 4.288 GC heap before
{Heap before GC invocations=5 (full 0):
 garbage-first heap   total 68608K, used 57979K [0x00000000c0000000, 0x0000000100000000)
  region size 1024K, 40 young (40960K), 2 survivors (2048K)
 Metaspace       used 27570K, committed 28160K, reserved 491520K
  class space    used 3420K, committed 3712K, reserved 425984K
}
Event: 4.294 GC heap after
{Heap after GC invocations=6 (full 0):
 garbage-first heap   total 68608K, used 22045K [0x00000000c0000000, 0x0000000100000000)
  region size 1024K, 4 young (4096K), 4 survivors (4096K)
 Metaspace       used 27570K, committed 28160K, reserved 491520K
  class space    used 3420K, committed 3712K, reserved 425984K
}
Event: 5.022 GC heap before
{Heap before GC invocations=6 (full 0):
 garbage-first heap   total 68608K, used 52765K [0x00000000c0000000, 0x0000000100000000)
  region size 1024K, 35 young (35840K), 4 survivors (4096K)
 Metaspace       used 31643K, committed 32448K, reserved 491520K
  class space    used 4116K, committed 4480K, reserved 425984K
}
Event: 5.030 GC heap after
{Heap after GC invocations=7 (full 0):
 garbage-first heap   total 68608K, used 24247K [0x00000000c0000000, 0x0000000100000000)
  region size 1024K, 5 young (5120K), 5 survivors (5120K)
 Metaspace       used 31643K, committed 32448K, reserved 491520K
  class space    used 4116K, committed 4480K, reserved 425984K
}
Event: 5.549 GC heap before
{Heap before GC invocations=7 (full 0):
 garbage-first heap   total 68608K, used 48823K [0x00000000c0000000, 0x0000000100000000)
  region size 1024K, 30 young (30720K), 5 survivors (5120K)
 Metaspace       used 35310K, committed 36096K, reserved 491520K
  class space    used 4689K, committed 5056K, reserved 425984K
}
Event: 5.557 GC heap after
{Heap after GC invocations=8 (full 0):
 garbage-first heap   total 68608K, used 25394K [0x00000000c0000000, 0x0000000100000000)
  region size 1024K, 4 young (4096K), 4 survivors (4096K)
 Metaspace       used 35310K, committed 36096K, reserved 491520K
  class space    used 4689K, committed 5056K, reserved 425984K
}
Event: 6.776 GC heap before
{Heap before GC invocations=9 (full 0):
 garbage-first heap   total 68608K, used 57138K [0x00000000c0000000, 0x0000000100000000)
  region size 1024K, 36 young (36864K), 4 survivors (4096K)
 Metaspace       used 41822K, committed 42688K, reserved 491520K
  class space    used 5405K, committed 5824K, reserved 425984K
}
Event: 6.785 GC heap after
{Heap after GC invocations=10 (full 0):
 garbage-first heap   total 68608K, used 30168K [0x00000000c0000000, 0x0000000100000000)
  region size 1024K, 5 young (5120K), 5 survivors (5120K)
 Metaspace       used 41822K, committed 42688K, reserved 491520K
  class space    used 5405K, committed 5824K, reserved 425984K
}

