# JRE version: OpenJDK Runtime Environment (21.0.6) (build 21.0.6+-13368085-b895.109)
# Java VM: OpenJDK 64-Bit Server VM (21.0.6+-13368085-b895.109, mixed mode, tiered, compressed oops, compressed class ptrs, g1 gc, windows-amd64)
GC Precious Log:
 CardTable entry size: 512
 Card Set container configuration: InlinePtr #cards 5 size 8 Array Of Cards #cards 12 size 40 Howl #buckets 4 coarsen threshold 1843 Howl Bitmap #cards 512 size 80 coarsen threshold 460 Card regions per heap region 1 cards per card region 2048
 CPUs: 4 total, 4 available
 Memory: 8047M
 Large Page Support: Disabled
 NUMA Support: Disabled
 Compressed Oops: Enabled (32-bit)
 Heap Region Size: 1M
 Heap Min Capacity: 8M
 Heap Initial Capacity: 126M
 Heap Max Capacity: 2G
 Pre-touch: Disabled
 Parallel Workers: 4
 Concurrent Workers: 1
 Concurrent Refinement Workers: 4
 Periodic GC: Disabled
Heap:
 garbage-first heap   total 262144K, used 79374K [0x0000000080000000, 0x0000000100000000)
  region size 1024K, 45 young (46080K), 9 survivors (9216K)
 Metaspace       used 45632K, committed 46656K, reserved 917504K
  class space    used 5779K, committed 6272K, reserved 851968K
GC Heap History (20 events):
Event: 12.651 GC heap before
{Heap before GC invocations=30 (full 0):
 garbage-first heap   total 181248K, used 139507K [0x0000000080000000, 0x0000000100000000)
  region size 1024K, 106 young (108544K), 6 survivors (6144K)
 Metaspace       used 45553K, committed 46528K, reserved 917504K
  class space    used 5771K, committed 6272K, reserved 851968K
}
Event: 12.659 GC heap after
{Heap after GC invocations=31 (full 0):
 garbage-first heap   total 181248K, used 38369K [0x0000000080000000, 0x0000000100000000)
  region size 1024K, 7 young (7168K), 7 survivors (7168K)
 Metaspace       used 45553K, committed 46528K, reserved 917504K
  class space    used 5771K, committed 6272K, reserved 851968K
}
Event: 12.873 GC heap before
{Heap before GC invocations=31 (full 0):
 garbage-first heap   total 181248K, used 139745K [0x0000000080000000, 0x0000000100000000)
  region size 1024K, 106 young (108544K), 7 survivors (7168K)
 Metaspace       used 45553K, committed 46528K, reserved 917504K
  class space    used 5771K, committed 6272K, reserved 851968K
}
Event: 12.878 GC heap after
{Heap after GC invocations=32 (full 0):
 garbage-first heap   total 181248K, used 38830K [0x0000000080000000, 0x0000000100000000)
  region size 1024K, 7 young (7168K), 7 survivors (7168K)
 Metaspace       used 45553K, committed 46528K, reserved 917504K
  class space    used 5771K, committed 6272K, reserved 851968K
}
Event: 13.150 GC heap before
{Heap before GC invocations=32 (full 0):
 garbage-first heap   total 181248K, used 140206K [0x0000000080000000, 0x0000000100000000)
  region size 1024K, 106 young (108544K), 7 survivors (7168K)
 Metaspace       used 45561K, committed 46528K, reserved 917504K
  class space    used 5771K, committed 6272K, reserved 851968K
}
Event: 13.156 GC heap after
{Heap after GC invocations=33 (full 0):
 garbage-first heap   total 181248K, used 39019K [0x0000000080000000, 0x0000000100000000)
  region size 1024K, 7 young (7168K), 7 survivors (7168K)
 Metaspace       used 45561K, committed 46528K, reserved 917504K
  class space    used 5771K, committed 6272K, reserved 851968K
}
Event: 13.411 GC heap before
{Heap before GC invocations=33 (full 0):
 garbage-first heap   total 181248K, used 140395K [0x0000000080000000, 0x0000000100000000)
  region size 1024K, 106 young (108544K), 7 survivors (7168K)
 Metaspace       used 45563K, committed 46528K, reserved 917504K
  class space    used 5772K, committed 6272K, reserved 851968K
}
Event: 13.417 GC heap after
{Heap after GC invocations=34 (full 0):
 garbage-first heap   total 218112K, used 39452K [0x0000000080000000, 0x0000000100000000)
  region size 1024K, 7 young (7168K), 7 survivors (7168K)
 Metaspace       used 45563K, committed 46528K, reserved 917504K
  class space    used 5772K, committed 6272K, reserved 851968K
}
Event: 13.919 GC heap before
{Heap before GC invocations=34 (full 0):
 garbage-first heap   total 218112K, used 162332K [0x0000000080000000, 0x0000000100000000)
  region size 1024K, 127 young (130048K), 7 survivors (7168K)
 Metaspace       used 45566K, committed 46528K, reserved 917504K
  class space    used 5772K, committed 6272K, reserved 851968K
}
Event: 13.925 GC heap after
{Heap after GC invocations=35 (full 0):
 garbage-first heap   total 218112K, used 39852K [0x0000000080000000, 0x0000000100000000)
  region size 1024K, 7 young (7168K), 7 survivors (7168K)
 Metaspace       used 45566K, committed 46528K, reserved 917504K
  class space    used 5772K, committed 6272K, reserved 851968K
}
Event: 14.257 GC heap before
{Heap before GC invocations=35 (full 0):
 garbage-first heap   total 218112K, used 162732K [0x0000000080000000, 0x0000000100000000)
  region size 1024K, 127 young (130048K), 7 survivors (7168K)
 Metaspace       used 45613K, committed 46656K, reserved 917504K
  class space    used 5779K, committed 6272K, reserved 851968K
}
Event: 14.262 GC heap after
{Heap after GC invocations=36 (full 0):
 garbage-first heap   total 218112K, used 40430K [0x0000000080000000, 0x0000000100000000)
  region size 1024K, 8 young (8192K), 8 survivors (8192K)
 Metaspace       used 45613K, committed 46656K, reserved 917504K
  class space    used 5779K, committed 6272K, reserved 851968K
}
Event: 14.520 GC heap before
{Heap before GC invocations=36 (full 0):
 garbage-first heap   total 218112K, used 162286K [0x0000000080000000, 0x0000000100000000)
  region size 1024K, 127 young (130048K), 8 survivors (8192K)
 Metaspace       used 45615K, committed 46656K, reserved 917504K
  class space    used 5779K, committed 6272K, reserved 851968K
}
Event: 14.526 GC heap after
{Heap after GC invocations=37 (full 0):
 garbage-first heap   total 218112K, used 41595K [0x0000000080000000, 0x0000000100000000)
  region size 1024K, 9 young (9216K), 9 survivors (9216K)
 Metaspace       used 45615K, committed 46656K, reserved 917504K
  class space    used 5779K, committed 6272K, reserved 851968K
}
Event: 14.849 GC heap before
{Heap before GC invocations=37 (full 0):
 garbage-first heap   total 218112K, used 162427K [0x0000000080000000, 0x0000000100000000)
  region size 1024K, 127 young (130048K), 9 survivors (9216K)
 Metaspace       used 45617K, committed 46656K, reserved 917504K
  class space    used 5779K, committed 6272K, reserved 851968K
}
Event: 14.856 GC heap after
{Heap after GC invocations=38 (full 0):
 garbage-first heap   total 218112K, used 42266K [0x0000000080000000, 0x0000000100000000)
  region size 1024K, 9 young (9216K), 9 survivors (9216K)
 Metaspace       used 45617K, committed 46656K, reserved 917504K
  class space    used 5779K, committed 6272K, reserved 851968K
}
Event: 15.192 GC heap before
{Heap before GC invocations=38 (full 0):
 garbage-first heap   total 218112K, used 163098K [0x0000000080000000, 0x0000000100000000)
  region size 1024K, 127 young (130048K), 9 survivors (9216K)
 Metaspace       used 45619K, committed 46656K, reserved 917504K
  class space    used 5779K, committed 6272K, reserved 851968K
}
Event: 15.199 GC heap after
{Heap after GC invocations=39 (full 0):
 garbage-first heap   total 218112K, used 42966K [0x0000000080000000, 0x0000000100000000)
  region size 1024K, 9 young (9216K), 9 survivors (9216K)
 Metaspace       used 45619K, committed 46656K, reserved 917504K
  class space    used 5779K, committed 6272K, reserved 851968K
}
Event: 15.510 GC heap before
{Heap before GC invocations=39 (full 0):
 garbage-first heap   total 218112K, used 163798K [0x0000000080000000, 0x0000000100000000)
  region size 1024K, 127 young (130048K), 9 survivors (9216K)
 Metaspace       used 45619K, committed 46656K, reserved 917504K
  class space    used 5779K, committed 6272K, reserved 851968K
}
Event: 15.518 GC heap after
{Heap after GC invocations=40 (full 0):
 garbage-first heap   total 262144K, used 43534K [0x0000000080000000, 0x0000000100000000)
  region size 1024K, 9 young (9216K), 9 survivors (9216K)
 Metaspace       used 45619K, committed 46656K, reserved 917504K
  class space    used 5779K, committed 6272K, reserved 851968K
}

