# JRE version: OpenJDK Runtime Environment (21.0.6) (build 21.0.6+-13368085-b895.109)
# Java VM: OpenJDK 64-Bit Server VM (21.0.6+-13368085-b895.109, mixed mode, tiered, compressed oops, compressed class ptrs, g1 gc, windows-amd64)
GC Precious Log:
 CardTable entry size: 512
 Card Set container configuration: InlinePtr #cards 5 size 8 Array Of Cards #cards 12 size 40 Howl #buckets 4 coarsen threshold 1843 Howl Bitmap #cards 512 size 80 coarsen threshold 460 Card regions per heap region 1 cards per card region 2048
 CPUs: 4 total, 4 available
 Memory: 8047M
 Large Page Support: Disabled
 NUMA Support: Disabled
 Compressed Oops: Enabled (32-bit)
 Heap Region Size: 1M
 Heap Min Capacity: 8M
 Heap Initial Capacity: 126M
 Heap Max Capacity: 1G
 Pre-touch: Disabled
 Parallel Workers: 4
 Concurrent Workers: 1
 Concurrent Refinement Workers: 4
 Periodic GC: Disabled
Heap:
 garbage-first heap   total 68608K, used 53479K [0x00000000c0000000, 0x0000000100000000)
  region size 1024K, 25 young (25600K), 2 survivors (2048K)
 Metaspace       used 44634K, committed 45632K, reserved 491520K
  class space    used 5719K, committed 6208K, reserved 425984K
GC Heap History (18 events):
Event: 0.453 GC heap before
{Heap before GC invocations=0 (full 0):
 garbage-first heap   total 129024K, used 13312K [0x00000000c0000000, 0x0000000100000000)
  region size 1024K, 13 young (13312K), 0 survivors (0K)
 Metaspace       used 7360K, committed 7424K, reserved 491520K
  class space    used 665K, committed 704K, reserved 425984K
}
Event: 0.456 GC heap after
{Heap after GC invocations=1 (full 0):
 garbage-first heap   total 129024K, used 1237K [0x00000000c0000000, 0x0000000100000000)
  region size 1024K, 2 young (2048K), 2 survivors (2048K)
 Metaspace       used 7360K, committed 7424K, reserved 491520K
  class space    used 665K, committed 704K, reserved 425984K
}
Event: 1.129 GC heap before
{Heap before GC invocations=1 (full 0):
 garbage-first heap   total 129024K, used 28885K [0x00000000c0000000, 0x0000000100000000)
  region size 1024K, 27 young (27648K), 2 survivors (2048K)
 Metaspace       used 11178K, committed 11264K, reserved 491520K
  class space    used 1171K, committed 1216K, reserved 425984K
}
Event: 1.137 GC heap after
{Heap after GC invocations=2 (full 0):
 garbage-first heap   total 129024K, used 9951K [0x00000000c0000000, 0x0000000100000000)
  region size 1024K, 4 young (4096K), 4 survivors (4096K)
 Metaspace       used 11178K, committed 11264K, reserved 491520K
  class space    used 1171K, committed 1216K, reserved 425984K
}
Event: 2.411 GC heap before
{Heap before GC invocations=2 (full 0):
 garbage-first heap   total 129024K, used 83679K [0x00000000c0000000, 0x0000000100000000)
  region size 1024K, 75 young (76800K), 4 survivors (4096K)
 Metaspace       used 17170K, committed 17408K, reserved 491520K
  class space    used 1955K, committed 2048K, reserved 425984K
}
Event: 2.421 GC heap after
{Heap after GC invocations=3 (full 0):
 garbage-first heap   total 129024K, used 17934K [0x00000000c0000000, 0x0000000100000000)
  region size 1024K, 10 young (10240K), 10 survivors (10240K)
 Metaspace       used 17170K, committed 17408K, reserved 491520K
  class space    used 1955K, committed 2048K, reserved 425984K
}
Event: 2.955 GC heap before
{Heap before GC invocations=3 (full 0):
 garbage-first heap   total 129024K, used 33294K [0x00000000c0000000, 0x0000000100000000)
  region size 1024K, 26 young (26624K), 10 survivors (10240K)
 Metaspace       used 21178K, committed 21504K, reserved 491520K
  class space    used 2439K, committed 2624K, reserved 425984K
}
Event: 2.966 GC heap after
{Heap after GC invocations=4 (full 0):
 garbage-first heap   total 129024K, used 20020K [0x00000000c0000000, 0x0000000100000000)
  region size 1024K, 2 young (2048K), 2 survivors (2048K)
 Metaspace       used 21178K, committed 21504K, reserved 491520K
  class space    used 2439K, committed 2624K, reserved 425984K
}
Event: 3.755 GC heap before
{Heap before GC invocations=5 (full 0):
 garbage-first heap   total 68608K, used 57908K [0x00000000c0000000, 0x0000000100000000)
  region size 1024K, 40 young (40960K), 2 survivors (2048K)
 Metaspace       used 27575K, committed 28160K, reserved 491520K
  class space    used 3416K, committed 3712K, reserved 425984K
}
Event: 3.761 GC heap after
{Heap after GC invocations=6 (full 0):
 garbage-first heap   total 68608K, used 21839K [0x00000000c0000000, 0x0000000100000000)
  region size 1024K, 4 young (4096K), 4 survivors (4096K)
 Metaspace       used 27575K, committed 28160K, reserved 491520K
  class space    used 3416K, committed 3712K, reserved 425984K
}
Event: 4.825 GC heap before
{Heap before GC invocations=6 (full 0):
 garbage-first heap   total 68608K, used 53583K [0x00000000c0000000, 0x0000000100000000)
  region size 1024K, 35 young (35840K), 4 survivors (4096K)
 Metaspace       used 31633K, committed 32384K, reserved 491520K
  class space    used 4120K, committed 4480K, reserved 425984K
}
Event: 4.834 GC heap after
{Heap after GC invocations=7 (full 0):
 garbage-first heap   total 68608K, used 24559K [0x00000000c0000000, 0x0000000100000000)
  region size 1024K, 5 young (5120K), 5 survivors (5120K)
 Metaspace       used 31633K, committed 32384K, reserved 491520K
  class space    used 4120K, committed 4480K, reserved 425984K
}
Event: 5.481 GC heap before
{Heap before GC invocations=7 (full 0):
 garbage-first heap   total 68608K, used 48111K [0x00000000c0000000, 0x0000000100000000)
  region size 1024K, 29 young (29696K), 5 survivors (5120K)
 Metaspace       used 35231K, committed 36096K, reserved 491520K
  class space    used 4688K, committed 5120K, reserved 425984K
}
Event: 5.489 GC heap after
{Heap after GC invocations=8 (full 0):
 garbage-first heap   total 68608K, used 25693K [0x00000000c0000000, 0x0000000100000000)
  region size 1024K, 4 young (4096K), 4 survivors (4096K)
 Metaspace       used 35231K, committed 36096K, reserved 491520K
  class space    used 4688K, committed 5120K, reserved 425984K
}
Event: 6.639 GC heap before
{Heap before GC invocations=9 (full 0):
 garbage-first heap   total 68608K, used 56413K [0x00000000c0000000, 0x0000000100000000)
  region size 1024K, 35 young (35840K), 4 survivors (4096K)
 Metaspace       used 41866K, committed 42752K, reserved 491520K
  class space    used 5423K, committed 5824K, reserved 425984K
}
Event: 6.648 GC heap after
{Heap after GC invocations=10 (full 0):
 garbage-first heap   total 68608K, used 29500K [0x00000000c0000000, 0x0000000100000000)
  region size 1024K, 5 young (5120K), 5 survivors (5120K)
 Metaspace       used 41866K, committed 42752K, reserved 491520K
  class space    used 5423K, committed 5824K, reserved 425984K
}
Event: 7.535 GC heap before
{Heap before GC invocations=10 (full 0):
 garbage-first heap   total 68608K, used 59196K [0x00000000c0000000, 0x0000000100000000)
  region size 1024K, 33 young (33792K), 5 survivors (5120K)
 Metaspace       used 44328K, committed 45376K, reserved 491520K
  class space    used 5678K, committed 6208K, reserved 425984K
}
Event: 7.544 GC heap after
{Heap after GC invocations=11 (full 0):
 garbage-first heap   total 68608K, used 30951K [0x00000000c0000000, 0x0000000100000000)
  region size 1024K, 2 young (2048K), 2 survivors (2048K)
 Metaspace       used 44328K, committed 45376K, reserved 491520K
  class space    used 5678K, committed 6208K, reserved 425984K
}

