# JRE version: OpenJDK Runtime Environment (21.0.6) (build 21.0.6+-13368085-b895.109)
# Java VM: OpenJDK 64-Bit Server VM (21.0.6+-13368085-b895.109, mixed mode, tiered, compressed oops, compressed class ptrs, g1 gc, windows-amd64)
GC Precious Log:
 CardTable entry size: 512
 Card Set container configuration: InlinePtr #cards 4 size 8 Array Of Cards #cards 32 size 80 Howl #buckets 8 coarsen threshold 7372 Howl Bitmap #cards 1024 size 144 coarsen threshold 921 Card regions per heap region 1 cards per card region 8192
 CPUs: 4 total, 4 available
 Memory: 8047M
 Large Page Support: Disabled
 NUMA Support: Disabled
 Compressed Oops: Enabled (Zero based)
 Heap Region Size: 4M
 Heap Min Capacity: 8M
 Heap Initial Capacity: 128M
 Heap Max Capacity: 8G
 Pre-touch: Disabled
 Parallel Workers: 4
 Concurrent Workers: 1
 Concurrent Refinement Workers: 4
 Periodic GC: Disabled
Heap:
 garbage-first heap   total 307200K, used 50569K [0x0000000600000000, 0x0000000800000000)
  region size 4096K, 3 young (12288K), 3 survivors (12288K)
 Metaspace       used 45650K, committed 46656K, reserved 1114112K
  class space    used 5782K, committed 6272K, reserved 1048576K
GC Heap History (20 events):
Event: 16.023 GC heap after
{Heap after GC invocations=37 (full 0):
 garbage-first heap   total 208896K, used 40709K [0x0000000600000000, 0x0000000800000000)
  region size 4096K, 2 young (8192K), 2 survivors (8192K)
 Metaspace       used 45629K, committed 46656K, reserved 1114112K
  class space    used 5782K, committed 6272K, reserved 1048576K
}
Event: 16.281 GC heap before
{Heap before GC invocations=37 (full 0):
 garbage-first heap   total 208896K, used 155397K [0x0000000600000000, 0x0000000800000000)
  region size 4096K, 30 young (122880K), 2 survivors (8192K)
 Metaspace       used 45632K, committed 46656K, reserved 1114112K
  class space    used 5782K, committed 6272K, reserved 1048576K
}
Event: 16.288 GC heap after
{Heap after GC invocations=38 (full 0):
 garbage-first heap   total 253952K, used 41379K [0x0000000600000000, 0x0000000800000000)
  region size 4096K, 2 young (8192K), 2 survivors (8192K)
 Metaspace       used 45632K, committed 46656K, reserved 1114112K
  class space    used 5782K, committed 6272K, reserved 1048576K
}
Event: 16.767 GC heap before
{Heap before GC invocations=38 (full 0):
 garbage-first heap   total 253952K, used 184739K [0x0000000600000000, 0x0000000800000000)
  region size 4096K, 37 young (151552K), 2 survivors (8192K)
 Metaspace       used 45632K, committed 46656K, reserved 1114112K
  class space    used 5782K, committed 6272K, reserved 1048576K
}
Event: 16.774 GC heap after
{Heap after GC invocations=39 (full 0):
 garbage-first heap   total 253952K, used 42664K [0x0000000600000000, 0x0000000800000000)
  region size 4096K, 2 young (8192K), 2 survivors (8192K)
 Metaspace       used 45632K, committed 46656K, reserved 1114112K
  class space    used 5782K, committed 6272K, reserved 1048576K
}
Event: 17.297 GC heap before
{Heap before GC invocations=39 (full 0):
 garbage-first heap   total 253952K, used 186024K [0x0000000600000000, 0x0000000800000000)
  region size 4096K, 37 young (151552K), 2 survivors (8192K)
 Metaspace       used 45636K, committed 46656K, reserved 1114112K
  class space    used 5782K, committed 6272K, reserved 1048576K
}
Event: 17.303 GC heap after
{Heap after GC invocations=40 (full 0):
 garbage-first heap   total 253952K, used 43548K [0x0000000600000000, 0x0000000800000000)
  region size 4096K, 3 young (12288K), 3 survivors (12288K)
 Metaspace       used 45636K, committed 46656K, reserved 1114112K
  class space    used 5782K, committed 6272K, reserved 1048576K
}
Event: 18.057 GC heap before
{Heap before GC invocations=40 (full 0):
 garbage-first heap   total 253952K, used 182812K [0x0000000600000000, 0x0000000800000000)
  region size 4096K, 37 young (151552K), 3 survivors (12288K)
 Metaspace       used 45640K, committed 46656K, reserved 1114112K
  class space    used 5782K, committed 6272K, reserved 1048576K
}
Event: 18.063 GC heap after
{Heap after GC invocations=41 (full 0):
 garbage-first heap   total 253952K, used 44762K [0x0000000600000000, 0x0000000800000000)
  region size 4096K, 3 young (12288K), 3 survivors (12288K)
 Metaspace       used 45640K, committed 46656K, reserved 1114112K
  class space    used 5782K, committed 6272K, reserved 1048576K
}
Event: 18.321 GC heap before
{Heap before GC invocations=41 (full 0):
 garbage-first heap   total 253952K, used 184026K [0x0000000600000000, 0x0000000800000000)
  region size 4096K, 37 young (151552K), 3 survivors (12288K)
 Metaspace       used 45641K, committed 46656K, reserved 1114112K
  class space    used 5782K, committed 6272K, reserved 1048576K
}
Event: 18.329 GC heap after
{Heap after GC invocations=42 (full 0):
 garbage-first heap   total 253952K, used 45836K [0x0000000600000000, 0x0000000800000000)
  region size 4096K, 3 young (12288K), 3 survivors (12288K)
 Metaspace       used 45641K, committed 46656K, reserved 1114112K
  class space    used 5782K, committed 6272K, reserved 1048576K
}
Event: 18.568 GC heap before
{Heap before GC invocations=42 (full 0):
 garbage-first heap   total 253952K, used 185100K [0x0000000600000000, 0x0000000800000000)
  region size 4096K, 37 young (151552K), 3 survivors (12288K)
 Metaspace       used 45645K, committed 46656K, reserved 1114112K
  class space    used 5782K, committed 6272K, reserved 1048576K
}
Event: 18.577 GC heap after
{Heap after GC invocations=43 (full 0):
 garbage-first heap   total 307200K, used 46789K [0x0000000600000000, 0x0000000800000000)
  region size 4096K, 3 young (12288K), 3 survivors (12288K)
 Metaspace       used 45645K, committed 46656K, reserved 1114112K
  class space    used 5782K, committed 6272K, reserved 1048576K
}
Event: 18.853 GC heap before
{Heap before GC invocations=43 (full 0):
 garbage-first heap   total 307200K, used 218821K [0x0000000600000000, 0x0000000800000000)
  region size 4096K, 45 young (184320K), 3 survivors (12288K)
 Metaspace       used 45645K, committed 46656K, reserved 1114112K
  class space    used 5782K, committed 6272K, reserved 1048576K
}
Event: 18.861 GC heap after
{Heap after GC invocations=44 (full 0):
 garbage-first heap   total 307200K, used 47752K [0x0000000600000000, 0x0000000800000000)
  region size 4096K, 3 young (12288K), 3 survivors (12288K)
 Metaspace       used 45645K, committed 46656K, reserved 1114112K
  class space    used 5782K, committed 6272K, reserved 1048576K
}
Event: 19.234 GC heap before
{Heap before GC invocations=44 (full 0):
 garbage-first heap   total 307200K, used 219784K [0x0000000600000000, 0x0000000800000000)
  region size 4096K, 45 young (184320K), 3 survivors (12288K)
 Metaspace       used 45645K, committed 46656K, reserved 1114112K
  class space    used 5782K, committed 6272K, reserved 1048576K
}
Event: 19.246 GC heap after
{Heap after GC invocations=45 (full 0):
 garbage-first heap   total 307200K, used 48830K [0x0000000600000000, 0x0000000800000000)
  region size 4096K, 3 young (12288K), 3 survivors (12288K)
 Metaspace       used 45645K, committed 46656K, reserved 1114112K
  class space    used 5782K, committed 6272K, reserved 1048576K
}
Event: 19.872 GC heap before
{Heap before GC invocations=45 (full 0):
 garbage-first heap   total 307200K, used 220862K [0x0000000600000000, 0x0000000800000000)
  region size 4096K, 45 young (184320K), 3 survivors (12288K)
 Metaspace       used 45646K, committed 46656K, reserved 1114112K
  class space    used 5782K, committed 6272K, reserved 1048576K
}
Event: 19.883 GC heap after
{Heap after GC invocations=46 (full 0):
 garbage-first heap   total 307200K, used 49214K [0x0000000600000000, 0x0000000800000000)
  region size 4096K, 3 young (12288K), 3 survivors (12288K)
 Metaspace       used 45646K, committed 46656K, reserved 1114112K
  class space    used 5782K, committed 6272K, reserved 1048576K
}
Event: 20.419 GC heap before
{Heap before GC invocations=46 (full 0):
 garbage-first heap   total 307200K, used 221246K [0x0000000600000000, 0x0000000800000000)
  region size 4096K, 45 young (184320K), 3 survivors (12288K)
 Metaspace       used 45650K, committed 46656K, reserved 1114112K
  class space    used 5782K, committed 6272K, reserved 1048576K
}

