# JRE version: OpenJDK Runtime Environment (21.0.6) (build 21.0.6+-13368085-b895.109)
# Java VM: OpenJDK 64-Bit Server VM (21.0.6+-13368085-b895.109, mixed mode, tiered, compressed oops, compressed class ptrs, g1 gc, windows-amd64)
GC Precious Log:
 CardTable entry size: 512
 Card Set container configuration: InlinePtr #cards 4 size 8 Array Of Cards #cards 32 size 80 Howl #buckets 8 coarsen threshold 7372 Howl Bitmap #cards 1024 size 144 coarsen threshold 921 Card regions per heap region 1 cards per card region 8192
 CPUs: 4 total, 4 available
 Memory: 8047M
 Large Page Support: Disabled
 NUMA Support: Disabled
 Compressed Oops: Enabled (Zero based)
 Heap Region Size: 4M
 Heap Min Capacity: 8M
 Heap Initial Capacity: 128M
 Heap Max Capacity: 8G
 Pre-touch: Disabled
 Parallel Workers: 4
 Concurrent Workers: 1
 Concurrent Refinement Workers: 4
 Periodic GC: Disabled
Heap:
 garbage-first heap   total 135168K, used 71701K [0x0000000600000000, 0x0000000800000000)
  region size 4096K, 12 young (49152K), 2 survivors (8192K)
 Metaspace       used 45527K, committed 46464K, reserved 1114112K
  class space    used 5772K, committed 6208K, reserved 1048576K
GC Heap History (20 events):
Event: 7.848 GC heap before
{Heap before GC invocations=12 (full 0):
 garbage-first heap   total 110592K, used 93341K [0x0000000600000000, 0x0000000800000000)
  region size 4096K, 16 young (65536K), 1 survivors (4096K)
 Metaspace       used 45407K, committed 46336K, reserved 1114112K
  class space    used 5763K, committed 6208K, reserved 1048576K
}
Event: 7.851 GC heap after
{Heap after GC invocations=13 (full 0):
 garbage-first heap   total 110592K, used 31937K [0x0000000600000000, 0x0000000800000000)
  region size 4096K, 1 young (4096K), 1 survivors (4096K)
 Metaspace       used 45407K, committed 46336K, reserved 1114112K
  class space    used 5763K, committed 6208K, reserved 1048576K
}
Event: 8.123 GC heap before
{Heap before GC invocations=13 (full 0):
 garbage-first heap   total 110592K, used 93377K [0x0000000600000000, 0x0000000800000000)
  region size 4096K, 16 young (65536K), 1 survivors (4096K)
 Metaspace       used 45443K, committed 46400K, reserved 1114112K
  class space    used 5765K, committed 6208K, reserved 1048576K
}
Event: 8.125 GC heap after
{Heap after GC invocations=14 (full 0):
 garbage-first heap   total 110592K, used 32240K [0x0000000600000000, 0x0000000800000000)
  region size 4096K, 1 young (4096K), 1 survivors (4096K)
 Metaspace       used 45443K, committed 46400K, reserved 1114112K
  class space    used 5765K, committed 6208K, reserved 1048576K
}
Event: 8.337 GC heap before
{Heap before GC invocations=14 (full 0):
 garbage-first heap   total 110592K, used 93680K [0x0000000600000000, 0x0000000800000000)
  region size 4096K, 16 young (65536K), 1 survivors (4096K)
 Metaspace       used 45449K, committed 46400K, reserved 1114112K
  class space    used 5765K, committed 6208K, reserved 1048576K
}
Event: 8.340 GC heap after
{Heap after GC invocations=15 (full 0):
 garbage-first heap   total 110592K, used 32630K [0x0000000600000000, 0x0000000800000000)
  region size 4096K, 1 young (4096K), 1 survivors (4096K)
 Metaspace       used 45449K, committed 46400K, reserved 1114112K
  class space    used 5765K, committed 6208K, reserved 1048576K
}
Event: 8.633 GC heap before
{Heap before GC invocations=15 (full 0):
 garbage-first heap   total 110592K, used 94070K [0x0000000600000000, 0x0000000800000000)
  region size 4096K, 16 young (65536K), 1 survivors (4096K)
 Metaspace       used 45460K, committed 46400K, reserved 1114112K
  class space    used 5765K, committed 6208K, reserved 1048576K
}
Event: 8.636 GC heap after
{Heap after GC invocations=16 (full 0):
 garbage-first heap   total 110592K, used 33007K [0x0000000600000000, 0x0000000800000000)
  region size 4096K, 1 young (4096K), 1 survivors (4096K)
 Metaspace       used 45460K, committed 46400K, reserved 1114112K
  class space    used 5765K, committed 6208K, reserved 1048576K
}
Event: 8.957 GC heap before
{Heap before GC invocations=16 (full 0):
 garbage-first heap   total 110592K, used 94447K [0x0000000600000000, 0x0000000800000000)
  region size 4096K, 16 young (65536K), 1 survivors (4096K)
 Metaspace       used 45462K, committed 46400K, reserved 1114112K
  class space    used 5765K, committed 6208K, reserved 1048576K
}
Event: 8.960 GC heap after
{Heap after GC invocations=17 (full 0):
 garbage-first heap   total 110592K, used 33260K [0x0000000600000000, 0x0000000800000000)
  region size 4096K, 1 young (4096K), 1 survivors (4096K)
 Metaspace       used 45462K, committed 46400K, reserved 1114112K
  class space    used 5765K, committed 6208K, reserved 1048576K
}
Event: 9.216 GC heap before
{Heap before GC invocations=17 (full 0):
 garbage-first heap   total 110592K, used 94700K [0x0000000600000000, 0x0000000800000000)
  region size 4096K, 16 young (65536K), 1 survivors (4096K)
 Metaspace       used 45463K, committed 46400K, reserved 1114112K
  class space    used 5765K, committed 6208K, reserved 1048576K
}
Event: 9.220 GC heap after
{Heap after GC invocations=18 (full 0):
 garbage-first heap   total 110592K, used 33635K [0x0000000600000000, 0x0000000800000000)
  region size 4096K, 1 young (4096K), 1 survivors (4096K)
 Metaspace       used 45463K, committed 46400K, reserved 1114112K
  class space    used 5765K, committed 6208K, reserved 1048576K
}
Event: 9.421 GC heap before
{Heap before GC invocations=18 (full 0):
 garbage-first heap   total 110592K, used 95075K [0x0000000600000000, 0x0000000800000000)
  region size 4096K, 16 young (65536K), 1 survivors (4096K)
 Metaspace       used 45463K, committed 46400K, reserved 1114112K
  class space    used 5765K, committed 6208K, reserved 1048576K
}
Event: 9.424 GC heap after
{Heap after GC invocations=19 (full 0):
 garbage-first heap   total 110592K, used 33756K [0x0000000600000000, 0x0000000800000000)
  region size 4096K, 1 young (4096K), 1 survivors (4096K)
 Metaspace       used 45463K, committed 46400K, reserved 1114112K
  class space    used 5765K, committed 6208K, reserved 1048576K
}
Event: 9.596 GC heap before
{Heap before GC invocations=19 (full 0):
 garbage-first heap   total 110592K, used 95196K [0x0000000600000000, 0x0000000800000000)
  region size 4096K, 16 young (65536K), 1 survivors (4096K)
 Metaspace       used 45463K, committed 46400K, reserved 1114112K
  class space    used 5765K, committed 6208K, reserved 1048576K
}
Event: 9.600 GC heap after
{Heap after GC invocations=20 (full 0):
 garbage-first heap   total 110592K, used 33926K [0x0000000600000000, 0x0000000800000000)
  region size 4096K, 1 young (4096K), 1 survivors (4096K)
 Metaspace       used 45463K, committed 46400K, reserved 1114112K
  class space    used 5765K, committed 6208K, reserved 1048576K
}
Event: 10.062 GC heap before
{Heap before GC invocations=20 (full 0):
 garbage-first heap   total 110592K, used 95366K [0x0000000600000000, 0x0000000800000000)
  region size 4096K, 16 young (65536K), 1 survivors (4096K)
 Metaspace       used 45466K, committed 46400K, reserved 1114112K
  class space    used 5765K, committed 6208K, reserved 1048576K
}
Event: 10.066 GC heap after
{Heap after GC invocations=21 (full 0):
 garbage-first heap   total 135168K, used 34202K [0x0000000600000000, 0x0000000800000000)
  region size 4096K, 1 young (4096K), 1 survivors (4096K)
 Metaspace       used 45466K, committed 46400K, reserved 1114112K
  class space    used 5765K, committed 6208K, reserved 1048576K
}
Event: 10.597 GC heap before
{Heap before GC invocations=21 (full 0):
 garbage-first heap   total 135168K, used 103834K [0x0000000600000000, 0x0000000800000000)
  region size 4096K, 19 young (77824K), 1 survivors (4096K)
 Metaspace       used 45520K, committed 46400K, reserved 1114112K
  class space    used 5772K, committed 6208K, reserved 1048576K
}
Event: 10.602 GC heap after
{Heap after GC invocations=22 (full 0):
 garbage-first heap   total 135168K, used 34837K [0x0000000600000000, 0x0000000800000000)
  region size 4096K, 2 young (8192K), 2 survivors (8192K)
 Metaspace       used 45520K, committed 46400K, reserved 1114112K
  class space    used 5772K, committed 6208K, reserved 1048576K
}

